# JRE version: Java(TM) SE Runtime Environment (8.0_65-b17) (build 1.8.0_65-b17)
# Java VM: Java HotSpot(TM) 64-Bit Server VM (25.65-b01 mixed mode windows-amd64 compressed oops)
Heap:
 PSYoungGen      total 287744K, used 57386K [0x00000000eab00000, 0x0000000100000000, 0x0000000100000000)
  eden space 258560K, 10% used [0x00000000eab00000,0x00000000ec68b928,0x00000000fa780000)
  from space 29184K, 99% used [0x00000000fcb00000,0x00000000fe77f130,0x00000000fe780000)
  to   space 36352K, 0% used [0x00000000fa780000,0x00000000fa780000,0x00000000fcb00000)
 ParOldGen       total 130560K, used 67402K [0x00000000c0000000, 0x00000000c7f80000, 0x00000000eab00000)
  object space 130560K, 51% used [0x00000000c0000000,0x00000000c41d2ba0,0x00000000c7f80000)
 Metaspace       used 56846K, capacity 60914K, committed 60968K, reserved 1101824K
  class space    used 7552K, capacity 8726K, committed 8744K, reserved 1048576K
GC Heap History (10 events):
Event: 342.634 GC heap before
{Heap before GC invocations=30 (full 5):
 PSYoungGen      total 264192K, used 230400K [0x00000000eab00000, 0x00000000fcc80000, 0x0000000100000000)
  eden space 230400K, 100% used [0x00000000eab00000,0x00000000f8c00000,0x00000000f8c00000)
  from space 33792K, 0% used [0x00000000fab80000,0x00000000fab80000,0x00000000fcc80000)
  to   space 32256K, 0% used [0x00000000f8c00000,0x00000000f8c00000,0x00000000fab80000)
 ParOldGen       total 130560K, used 62025K [0x00000000c0000000, 0x00000000c7f80000, 0x00000000eab00000)
  object space 130560K, 47% used [0x00000000c0000000,0x00000000c3c92758,0x00000000c7f80000)
 Metaspace       used 56021K, capacity 59634K, committed 59816K, reserved 1099776K
  class space    used 7477K, capacity 8573K, committed 8616K, reserved 1048576K
Event: 342.652 GC heap after
Heap after GC invocations=30 (full 5):
 PSYoungGen      total 262656K, used 6404K [0x00000000eab00000, 0x00000000fef00000, 0x0000000100000000)
  eden space 230400K, 0% used [0x00000000eab00000,0x00000000eab00000,0x00000000f8c00000)
  from space 32256K, 19% used [0x00000000f8c00000,0x00000000f9241140,0x00000000fab80000)
  to   space 30720K, 0% used [0x00000000fd100000,0x00000000fd100000,0x00000000fef00000)
 ParOldGen       total 130560K, used 62033K [0x00000000c0000000, 0x00000000c7f80000, 0x00000000eab00000)
  object space 130560K, 47% used [0x00000000c0000000,0x00000000c3c94758,0x00000000c7f80000)
 Metaspace       used 56021K, capacity 59634K, committed 59816K, reserved 1099776K
  class space    used 7477K, capacity 8573K, committed 8616K, reserved 1048576K
}
Event: 366.365 GC heap before
{Heap before GC invocations=31 (full 5):
 PSYoungGen      total 262656K, used 236804K [0x00000000eab00000, 0x00000000fef00000, 0x0000000100000000)
  eden space 230400K, 100% used [0x00000000eab00000,0x00000000f8c00000,0x00000000f8c00000)
  from space 32256K, 19% used [0x00000000f8c00000,0x00000000f9241140,0x00000000fab80000)
  to   space 30720K, 0% used [0x00000000fd100000,0x00000000fd100000,0x00000000fef00000)
 ParOldGen       total 130560K, used 62033K [0x00000000c0000000, 0x00000000c7f80000, 0x00000000eab00000)
  object space 130560K, 47% used [0x00000000c0000000,0x00000000c3c94758,0x00000000c7f80000)
 Metaspace       used 56428K, capacity 60368K, committed 60712K, reserved 1101824K
  class space    used 7520K, capacity 8652K, committed 8744K, reserved 1048576K
Event: 366.409 GC heap after
Heap after GC invocations=31 (full 5):
 PSYoungGen      total 288768K, used 8299K [0x00000000eab00000, 0x00000000fe780000, 0x0000000100000000)
  eden space 265728K, 0% used [0x00000000eab00000,0x00000000eab00000,0x00000000fae80000)
  from space 23040K, 36% used [0x00000000fd100000,0x00000000fd91ad70,0x00000000fe780000)
  to   space 29184K, 0% used [0x00000000fae80000,0x00000000fae80000,0x00000000fcb00000)
 ParOldGen       total 130560K, used 62041K [0x00000000c0000000, 0x00000000c7f80000, 0x00000000eab00000)
  object space 130560K, 47% used [0x00000000c0000000,0x00000000c3c96758,0x00000000c7f80000)
 Metaspace       used 56428K, capacity 60368K, committed 60712K, reserved 1101824K
  class space    used 7520K, capacity 8652K, committed 8744K, reserved 1048576K
}
Event: 367.935 GC heap before
{Heap before GC invocations=32 (full 5):
 PSYoungGen      total 288768K, used 29939K [0x00000000eab00000, 0x00000000fe780000, 0x0000000100000000)
  eden space 265728K, 8% used [0x00000000eab00000,0x00000000ec021f28,0x00000000fae80000)
  from space 23040K, 36% used [0x00000000fd100000,0x00000000fd91ad70,0x00000000fe780000)
  to   space 29184K, 0% used [0x00000000fae80000,0x00000000fae80000,0x00000000fcb00000)
 ParOldGen       total 130560K, used 62041K [0x00000000c0000000, 0x00000000c7f80000, 0x00000000eab00000)
  object space 130560K, 47% used [0x00000000c0000000,0x00000000c3c96758,0x00000000c7f80000)
 Metaspace       used 56461K, capacity 60374K, committed 60712K, reserved 1101824K
  class space    used 7521K, capacity 8653K, committed 8744K, reserved 1048576K
Event: 367.941 GC heap after
Heap after GC invocations=32 (full 5):
 PSYoungGen      total 294912K, used 1120K [0x00000000eab00000, 0x00000000fe780000, 0x0000000100000000)
  eden space 265728K, 0% used [0x00000000eab00000,0x00000000eab00000,0x00000000fae80000)
  from space 29184K, 3% used [0x00000000fae80000,0x00000000faf98020,0x00000000fcb00000)
  to   space 29184K, 0% used [0x00000000fcb00000,0x00000000fcb00000,0x00000000fe780000)
 ParOldGen       total 130560K, used 62049K [0x00000000c0000000, 0x00000000c7f80000, 0x00000000eab00000)
  object space 130560K, 47% used [0x00000000c0000000,0x00000000c3c98758,0x00000000c7f80000)
 Metaspace       used 56461K, capacity 60374K, committed 60712K, reserved 1101824K
  class space    used 7521K, capacity 8653K, committed 8744K, reserved 1048576K
}
Event: 367.941 GC heap before
{Heap before GC invocations=33 (full 6):
 PSYoungGen      total 294912K, used 1120K [0x00000000eab00000, 0x00000000fe780000, 0x0000000100000000)
  eden space 265728K, 0% used [0x00000000eab00000,0x00000000eab00000,0x00000000fae80000)
  from space 29184K, 3% used [0x00000000fae80000,0x00000000faf98020,0x00000000fcb00000)
  to   space 29184K, 0% used [0x00000000fcb00000,0x00000000fcb00000,0x00000000fe780000)
 ParOldGen       total 130560K, used 62049K [0x00000000c0000000, 0x00000000c7f80000, 0x00000000eab00000)
  object space 130560K, 47% used [0x00000000c0000000,0x00000000c3c98758,0x00000000c7f80000)
 Metaspace       used 56461K, capacity 60374K, committed 60712K, reserved 1101824K
  class space    used 7521K, capacity 8653K, committed 8744K, reserved 1048576K
Event: 368.546 GC heap after
Heap after GC invocations=33 (full 6):
 PSYoungGen      total 294912K, used 0K [0x00000000eab00000, 0x00000000fe780000, 0x0000000100000000)
  eden space 265728K, 0% used [0x00000000eab00000,0x00000000eab00000,0x00000000fae80000)
  from space 29184K, 0% used [0x00000000fae80000,0x00000000fae80000,0x00000000fcb00000)
  to   space 29184K, 0% used [0x00000000fcb00000,0x00000000fcb00000,0x00000000fe780000)
 ParOldGen       total 130560K, used 61612K [0x00000000c0000000, 0x00000000c7f80000, 0x00000000eab00000)
  object space 130560K, 47% used [0x00000000c0000000,0x00000000c3c2b2d8,0x00000000c7f80000)
 Metaspace       used 56461K, capacity 60374K, committed 60712K, reserved 1101824K
  class space    used 7521K, capacity 8653K, committed 8744K, reserved 1048576K
}
Event: 415.959 GC heap before
{Heap before GC invocations=34 (full 6):
 PSYoungGen      total 294912K, used 265728K [0x00000000eab00000, 0x00000000fe780000, 0x0000000100000000)
  eden space 265728K, 100% used [0x00000000eab00000,0x00000000fae80000,0x00000000fae80000)
  from space 29184K, 0% used [0x00000000fae80000,0x00000000fae80000,0x00000000fcb00000)
  to   space 29184K, 0% used [0x00000000fcb00000,0x00000000fcb00000,0x00000000fe780000)
 ParOldGen       total 130560K, used 61612K [0x00000000c0000000, 0x00000000c7f80000, 0x00000000eab00000)
  object space 130560K, 47% used [0x00000000c0000000,0x00000000c3c2b2d8,0x00000000c7f80000)
 Metaspace       used 56845K, capacity 60914K, committed 60968K, reserved 1101824K
  class space    used 7552K, capacity 8726K, committed 8744K, reserved 1048576K
Event: 416.079 GC heap after
Heap after GC invocations=34 (full 6):
 PSYoungGen      total 287744K, used 29180K [0x00000000eab00000, 0x0000000100000000, 0x0000000100000000)
  eden space 258560K, 0% used [0x00000000eab00000,0x00000000eab00000,0x00000000fa780000)
  from space 29184K, 99% used [0x00000000fcb00000,0x00000000fe77f130,0x00000000fe780000)
  to   space 36352K, 0% used [0x00000000fa780000,0x00000000fa780000,0x00000000fcb00000)
 ParOldGen       total 130560K, used 67402K [0x00000000c0000000, 0x00000000c7f80000, 0x00000000eab00000)
  object space 130560K, 51% used [0x00000000c0000000,0x00000000c41d2ba0,0x00000000c7f80000)
 Metaspace       used 56845K, capacity 60914K, committed 60968K, reserved 1101824K
  class space    used 7552K, capacity 8726K, committed 8744K, reserved 1048576K
}

